The target system is: Linux - 1 - 
The host system is: Linux - 5.3.0-51-generic - x86_64
Compiling the CXX compiler identification source file "CMakeCXXCompilerId.cpp" succeeded.
Compiler: /home/golpe/knxGW/project/gateway/tools/arm-bcm2708/arm-rpi-4.9.3-linux-gnueabihf/bin/arm-linux-gnueabihf-c++ 
Build flags: 
Id flags:  

The output was:
0


Compilation of the CXX compiler identification source "CMakeCXXCompilerId.cpp" produced "a.out"

The CXX compiler identification is GNU, found in "/home/golpe/knxGW/project/gateway/libhttp/libhttp/build/CMakeFiles/3.10.2/CompilerIdCXX/a.out"

Determining if the CXX compiler works passed with the following output:
Change Dir: /home/golpe/knxGW/project/gateway/libhttp/libhttp/build/CMakeFiles/CMakeTmp

Run Build Command:"/usr/bin/make" "cmTC_d4510/fast"
/usr/bin/make -f CMakeFiles/cmTC_d4510.dir/build.make CMakeFiles/cmTC_d4510.dir/build
make[1]: Verzeichnis „/home/golpe/knxGW/project/gateway/libhttp/libhttp/build/CMakeFiles/CMakeTmp“ wird betreten
Building CXX object CMakeFiles/cmTC_d4510.dir/testCXXCompiler.cxx.o
/home/golpe/knxGW/project/gateway/tools/arm-bcm2708/arm-rpi-4.9.3-linux-gnueabihf/bin/arm-linux-gnueabihf-c++    -Wall -std=c++11 -pthread -o CMakeFiles/cmTC_d4510.dir/testCXXCompiler.cxx.o -c /home/golpe/knxGW/project/gateway/libhttp/libhttp/build/CMakeFiles/CMakeTmp/testCXXCompiler.cxx
Linking CXX executable cmTC_d4510
/usr/bin/cmake -E cmake_link_script CMakeFiles/cmTC_d4510.dir/link.txt --verbose=1
/home/golpe/knxGW/project/gateway/tools/arm-bcm2708/arm-rpi-4.9.3-linux-gnueabihf/bin/arm-linux-gnueabihf-c++       CMakeFiles/cmTC_d4510.dir/testCXXCompiler.cxx.o  -o cmTC_d4510 
make[1]: Verzeichnis „/home/golpe/knxGW/project/gateway/libhttp/libhttp/build/CMakeFiles/CMakeTmp“ wird verlassen


Detecting CXX compiler ABI info compiled with the following output:
Change Dir: /home/golpe/knxGW/project/gateway/libhttp/libhttp/build/CMakeFiles/CMakeTmp

Run Build Command:"/usr/bin/make" "cmTC_8f299/fast"
/usr/bin/make -f CMakeFiles/cmTC_8f299.dir/build.make CMakeFiles/cmTC_8f299.dir/build
make[1]: Verzeichnis „/home/golpe/knxGW/project/gateway/libhttp/libhttp/build/CMakeFiles/CMakeTmp“ wird betreten
Building CXX object CMakeFiles/cmTC_8f299.dir/CMakeCXXCompilerABI.cpp.o
/home/golpe/knxGW/project/gateway/tools/arm-bcm2708/arm-rpi-4.9.3-linux-gnueabihf/bin/arm-linux-gnueabihf-c++    -Wall -std=c++11 -pthread -o CMakeFiles/cmTC_8f299.dir/CMakeCXXCompilerABI.cpp.o -c /usr/share/cmake-3.10/Modules/CMakeCXXCompilerABI.cpp
Linking CXX executable cmTC_8f299
/usr/bin/cmake -E cmake_link_script CMakeFiles/cmTC_8f299.dir/link.txt --verbose=1
/home/golpe/knxGW/project/gateway/tools/arm-bcm2708/arm-rpi-4.9.3-linux-gnueabihf/bin/arm-linux-gnueabihf-c++      -v CMakeFiles/cmTC_8f299.dir/CMakeCXXCompilerABI.cpp.o  -o cmTC_8f299 
Using built-in specs.
COLLECT_GCC=/home/golpe/knxGW/project/gateway/tools/arm-bcm2708/arm-rpi-4.9.3-linux-gnueabihf/bin/arm-linux-gnueabihf-c++
COLLECT_LTO_WRAPPER=/home/golpe/knxGW/project/gateway/tools/arm-bcm2708/arm-rpi-4.9.3-linux-gnueabihf/bin/../libexec/gcc/arm-linux-gnueabihf/4.9.3/lto-wrapper
Target: arm-linux-gnueabihf
Configured with: /home/dom/projects/crosstool-ng/install/bin/.build/src/gcc-4.9.3/configure --build=x86_64-build_pc-linux-gnu --host=x86_64-build_pc-linux-gnu --target=arm-linux-gnueabihf --prefix=/home/dom/x-tools6h-new/arm-rpi-linux-gnueabihf --with-sysroot=/home/dom/x-tools6h-new/arm-rpi-linux-gnueabihf/arm-linux-gnueabihf/sysroot --enable-languages=c,c++ --with-arch=armv6 --with-fpu=vfp --with-float=hard --with-pkgversion='crosstool-NG crosstool-ng-1.22.0-88-g8460611' --disable-sjlj-exceptions --enable-__cxa_atexit --disable-libmudflap --enable-libgomp --disable-libssp --enable-libquadmath --enable-libquadmath-support --disable-libsanitizer --with-gmp=/home/dom/projects/crosstool-ng/install/bin/.build/arm-linux-gnueabihf/buildtools --with-mpfr=/home/dom/projects/crosstool-ng/install/bin/.build/arm-linux-gnueabihf/buildtools --with-mpc=/home/dom/projects/crosstool-ng/install/bin/.build/arm-linux-gnueabihf/buildtools --with-isl=/home/dom/projects/crosstool-ng/install/bin/.build/arm-linux-gnueabihf/buildtools --with-cloog=/home/dom/projects/crosstool-ng/install/bin/.build/arm-linux-gnueabihf/buildtools --enable-lto --with-host-libstdcxx='-static-libgcc -Wl,-Bstatic,-lstdc++,-Bdynamic -lm' --enable-threads=posix --enable-target-optspace --with-linker-hash-style=gnu --disable-nls --disable-multilib --with-local-prefix=/home/dom/x-tools6h-new/arm-rpi-linux-gnueabihf/arm-linux-gnueabihf/sysroot --enable-long-long --with-arch=armv6 --with-float=hard --with-fpu=vfp
Thread model: posix
gcc version 4.9.3 (crosstool-NG crosstool-ng-1.22.0-88-g8460611) 
COMPILER_PATH=/home/golpe/knxGW/project/gateway/tools/arm-bcm2708/arm-rpi-4.9.3-linux-gnueabihf/bin/../libexec/gcc/arm-linux-gnueabihf/4.9.3/:/home/golpe/knxGW/project/gateway/tools/arm-bcm2708/arm-rpi-4.9.3-linux-gnueabihf/bin/../libexec/gcc/:/home/golpe/knxGW/project/gateway/tools/arm-bcm2708/arm-rpi-4.9.3-linux-gnueabihf/bin/../lib/gcc/arm-linux-gnueabihf/4.9.3/../../../../arm-linux-gnueabihf/bin/
LIBRARY_PATH=/home/golpe/knxGW/project/gateway/tools/arm-bcm2708/arm-rpi-4.9.3-linux-gnueabihf/bin/../lib/gcc/arm-linux-gnueabihf/4.9.3/:/home/golpe/knxGW/project/gateway/tools/arm-bcm2708/arm-rpi-4.9.3-linux-gnueabihf/bin/../lib/gcc/:/home/golpe/knxGW/project/gateway/tools/arm-bcm2708/arm-rpi-4.9.3-linux-gnueabihf/bin/../lib/gcc/arm-linux-gnueabihf/4.9.3/../../../../arm-linux-gnueabihf/lib/:/home/golpe/knxGW/project/gateway/tools/arm-bcm2708/arm-rpi-4.9.3-linux-gnueabihf/bin/../arm-linux-gnueabihf/sysroot/lib/:/home/golpe/knxGW/project/gateway/tools/arm-bcm2708/arm-rpi-4.9.3-linux-gnueabihf/bin/../arm-linux-gnueabihf/sysroot/usr/lib/
COLLECT_GCC_OPTIONS='-v' '-o' 'cmTC_8f299' '-shared-libgcc' '-march=armv6' '-mfloat-abi=hard' '-mfpu=vfp' '-mtls-dialect=gnu'
 /home/golpe/knxGW/project/gateway/tools/arm-bcm2708/arm-rpi-4.9.3-linux-gnueabihf/bin/../libexec/gcc/arm-linux-gnueabihf/4.9.3/collect2 -plugin /home/golpe/knxGW/project/gateway/tools/arm-bcm2708/arm-rpi-4.9.3-linux-gnueabihf/bin/../libexec/gcc/arm-linux-gnueabihf/4.9.3/liblto_plugin.so -plugin-opt=/home/golpe/knxGW/project/gateway/tools/arm-bcm2708/arm-rpi-4.9.3-linux-gnueabihf/bin/../libexec/gcc/arm-linux-gnueabihf/4.9.3/lto-wrapper -plugin-opt=-fresolution=/tmp/ccfB5HnL.res -plugin-opt=-pass-through=-lgcc_s -plugin-opt=-pass-through=-lgcc -plugin-opt=-pass-through=-lc -plugin-opt=-pass-through=-lgcc_s -plugin-opt=-pass-through=-lgcc --sysroot=/home/golpe/knxGW/project/gateway/tools/arm-bcm2708/arm-rpi-4.9.3-linux-gnueabihf/bin/../arm-linux-gnueabihf/sysroot --eh-frame-hdr --hash-style=gnu -dynamic-linker /lib/ld-linux-armhf.so.3 -X -m armelf_linux_eabi -o cmTC_8f299 /home/golpe/knxGW/project/gateway/tools/arm-bcm2708/arm-rpi-4.9.3-linux-gnueabihf/bin/../arm-linux-gnueabihf/sysroot/usr/lib/crt1.o /home/golpe/knxGW/project/gateway/tools/arm-bcm2708/arm-rpi-4.9.3-linux-gnueabihf/bin/../arm-linux-gnueabihf/sysroot/usr/lib/crti.o /home/golpe/knxGW/project/gateway/tools/arm-bcm2708/arm-rpi-4.9.3-linux-gnueabihf/bin/../lib/gcc/arm-linux-gnueabihf/4.9.3/crtbegin.o -L/home/golpe/knxGW/project/gateway/tools/arm-bcm2708/arm-rpi-4.9.3-linux-gnueabihf/bin/../lib/gcc/arm-linux-gnueabihf/4.9.3 -L/home/golpe/knxGW/project/gateway/tools/arm-bcm2708/arm-rpi-4.9.3-linux-gnueabihf/bin/../lib/gcc -L/home/golpe/knxGW/project/gateway/tools/arm-bcm2708/arm-rpi-4.9.3-linux-gnueabihf/bin/../lib/gcc/arm-linux-gnueabihf/4.9.3/../../../../arm-linux-gnueabihf/lib -L/home/golpe/knxGW/project/gateway/tools/arm-bcm2708/arm-rpi-4.9.3-linux-gnueabihf/bin/../arm-linux-gnueabihf/sysroot/lib -L/home/golpe/knxGW/project/gateway/tools/arm-bcm2708/arm-rpi-4.9.3-linux-gnueabihf/bin/../arm-linux-gnueabihf/sysroot/usr/lib CMakeFiles/cmTC_8f299.dir/CMakeCXXCompilerABI.cpp.o -lstdc++ -lm -lgcc_s -lgcc -lc -lgcc_s -lgcc /home/golpe/knxGW/project/gateway/tools/arm-bcm2708/arm-rpi-4.9.3-linux-gnueabihf/bin/../lib/gcc/arm-linux-gnueabihf/4.9.3/crtend.o /home/golpe/knxGW/project/gateway/tools/arm-bcm2708/arm-rpi-4.9.3-linux-gnueabihf/bin/../arm-linux-gnueabihf/sysroot/usr/lib/crtn.o
make[1]: Verzeichnis „/home/golpe/knxGW/project/gateway/libhttp/libhttp/build/CMakeFiles/CMakeTmp“ wird verlassen


Parsed CXX implicit link information from above output:
  link line regex: [^( *|.*[/\])(arm-linux-gnueabihf-ld|CMAKE_LINK_STARTFILE-NOTFOUND|([^/\]+-)?ld|collect2)[^/\]*( |$)]
  ignore line: [Change Dir: /home/golpe/knxGW/project/gateway/libhttp/libhttp/build/CMakeFiles/CMakeTmp]
  ignore line: []
  ignore line: [Run Build Command:"/usr/bin/make" "cmTC_8f299/fast"]
  ignore line: [/usr/bin/make -f CMakeFiles/cmTC_8f299.dir/build.make CMakeFiles/cmTC_8f299.dir/build]
  ignore line: [make[1]: Verzeichnis „/home/golpe/knxGW/project/gateway/libhttp/libhttp/build/CMakeFiles/CMakeTmp“ wird betreten]
  ignore line: [Building CXX object CMakeFiles/cmTC_8f299.dir/CMakeCXXCompilerABI.cpp.o]
  ignore line: [/home/golpe/knxGW/project/gateway/tools/arm-bcm2708/arm-rpi-4.9.3-linux-gnueabihf/bin/arm-linux-gnueabihf-c++    -Wall -std=c++11 -pthread -o CMakeFiles/cmTC_8f299.dir/CMakeCXXCompilerABI.cpp.o -c /usr/share/cmake-3.10/Modules/CMakeCXXCompilerABI.cpp]
  ignore line: [Linking CXX executable cmTC_8f299]
  ignore line: [/usr/bin/cmake -E cmake_link_script CMakeFiles/cmTC_8f299.dir/link.txt --verbose=1]
  ignore line: [/home/golpe/knxGW/project/gateway/tools/arm-bcm2708/arm-rpi-4.9.3-linux-gnueabihf/bin/arm-linux-gnueabihf-c++      -v CMakeFiles/cmTC_8f299.dir/CMakeCXXCompilerABI.cpp.o  -o cmTC_8f299 ]
  ignore line: [Using built-in specs.]
  ignore line: [COLLECT_GCC=/home/golpe/knxGW/project/gateway/tools/arm-bcm2708/arm-rpi-4.9.3-linux-gnueabihf/bin/arm-linux-gnueabihf-c++]
  ignore line: [COLLECT_LTO_WRAPPER=/home/golpe/knxGW/project/gateway/tools/arm-bcm2708/arm-rpi-4.9.3-linux-gnueabihf/bin/../libexec/gcc/arm-linux-gnueabihf/4.9.3/lto-wrapper]
  ignore line: [Target: arm-linux-gnueabihf]
  ignore line: [Configured with: /home/dom/projects/crosstool-ng/install/bin/.build/src/gcc-4.9.3/configure --build=x86_64-build_pc-linux-gnu --host=x86_64-build_pc-linux-gnu --target=arm-linux-gnueabihf --prefix=/home/dom/x-tools6h-new/arm-rpi-linux-gnueabihf --with-sysroot=/home/dom/x-tools6h-new/arm-rpi-linux-gnueabihf/arm-linux-gnueabihf/sysroot --enable-languages=c,c++ --with-arch=armv6 --with-fpu=vfp --with-float=hard --with-pkgversion='crosstool-NG crosstool-ng-1.22.0-88-g8460611' --disable-sjlj-exceptions --enable-__cxa_atexit --disable-libmudflap --enable-libgomp --disable-libssp --enable-libquadmath --enable-libquadmath-support --disable-libsanitizer --with-gmp=/home/dom/projects/crosstool-ng/install/bin/.build/arm-linux-gnueabihf/buildtools --with-mpfr=/home/dom/projects/crosstool-ng/install/bin/.build/arm-linux-gnueabihf/buildtools --with-mpc=/home/dom/projects/crosstool-ng/install/bin/.build/arm-linux-gnueabihf/buildtools --with-isl=/home/dom/projects/crosstool-ng/install/bin/.build/arm-linux-gnueabihf/buildtools --with-cloog=/home/dom/projects/crosstool-ng/install/bin/.build/arm-linux-gnueabihf/buildtools --enable-lto --with-host-libstdcxx='-static-libgcc -Wl,-Bstatic,-lstdc++,-Bdynamic -lm' --enable-threads=posix --enable-target-optspace --with-linker-hash-style=gnu --disable-nls --disable-multilib --with-local-prefix=/home/dom/x-tools6h-new/arm-rpi-linux-gnueabihf/arm-linux-gnueabihf/sysroot --enable-long-long --with-arch=armv6 --with-float=hard --with-fpu=vfp]
  ignore line: [Thread model: posix]
  ignore line: [gcc version 4.9.3 (crosstool-NG crosstool-ng-1.22.0-88-g8460611) ]
  ignore line: [COMPILER_PATH=/home/golpe/knxGW/project/gateway/tools/arm-bcm2708/arm-rpi-4.9.3-linux-gnueabihf/bin/../libexec/gcc/arm-linux-gnueabihf/4.9.3/:/home/golpe/knxGW/project/gateway/tools/arm-bcm2708/arm-rpi-4.9.3-linux-gnueabihf/bin/../libexec/gcc/:/home/golpe/knxGW/project/gateway/tools/arm-bcm2708/arm-rpi-4.9.3-linux-gnueabihf/bin/../lib/gcc/arm-linux-gnueabihf/4.9.3/../../../../arm-linux-gnueabihf/bin/]
  ignore line: [LIBRARY_PATH=/home/golpe/knxGW/project/gateway/tools/arm-bcm2708/arm-rpi-4.9.3-linux-gnueabihf/bin/../lib/gcc/arm-linux-gnueabihf/4.9.3/:/home/golpe/knxGW/project/gateway/tools/arm-bcm2708/arm-rpi-4.9.3-linux-gnueabihf/bin/../lib/gcc/:/home/golpe/knxGW/project/gateway/tools/arm-bcm2708/arm-rpi-4.9.3-linux-gnueabihf/bin/../lib/gcc/arm-linux-gnueabihf/4.9.3/../../../../arm-linux-gnueabihf/lib/:/home/golpe/knxGW/project/gateway/tools/arm-bcm2708/arm-rpi-4.9.3-linux-gnueabihf/bin/../arm-linux-gnueabihf/sysroot/lib/:/home/golpe/knxGW/project/gateway/tools/arm-bcm2708/arm-rpi-4.9.3-linux-gnueabihf/bin/../arm-linux-gnueabihf/sysroot/usr/lib/]
  ignore line: [COLLECT_GCC_OPTIONS='-v' '-o' 'cmTC_8f299' '-shared-libgcc' '-march=armv6' '-mfloat-abi=hard' '-mfpu=vfp' '-mtls-dialect=gnu']
  link line: [ /home/golpe/knxGW/project/gateway/tools/arm-bcm2708/arm-rpi-4.9.3-linux-gnueabihf/bin/../libexec/gcc/arm-linux-gnueabihf/4.9.3/collect2 -plugin /home/golpe/knxGW/project/gateway/tools/arm-bcm2708/arm-rpi-4.9.3-linux-gnueabihf/bin/../libexec/gcc/arm-linux-gnueabihf/4.9.3/liblto_plugin.so -plugin-opt=/home/golpe/knxGW/project/gateway/tools/arm-bcm2708/arm-rpi-4.9.3-linux-gnueabihf/bin/../libexec/gcc/arm-linux-gnueabihf/4.9.3/lto-wrapper -plugin-opt=-fresolution=/tmp/ccfB5HnL.res -plugin-opt=-pass-through=-lgcc_s -plugin-opt=-pass-through=-lgcc -plugin-opt=-pass-through=-lc -plugin-opt=-pass-through=-lgcc_s -plugin-opt=-pass-through=-lgcc --sysroot=/home/golpe/knxGW/project/gateway/tools/arm-bcm2708/arm-rpi-4.9.3-linux-gnueabihf/bin/../arm-linux-gnueabihf/sysroot --eh-frame-hdr --hash-style=gnu -dynamic-linker /lib/ld-linux-armhf.so.3 -X -m armelf_linux_eabi -o cmTC_8f299 /home/golpe/knxGW/project/gateway/tools/arm-bcm2708/arm-rpi-4.9.3-linux-gnueabihf/bin/../arm-linux-gnueabihf/sysroot/usr/lib/crt1.o /home/golpe/knxGW/project/gateway/tools/arm-bcm2708/arm-rpi-4.9.3-linux-gnueabihf/bin/../arm-linux-gnueabihf/sysroot/usr/lib/crti.o /home/golpe/knxGW/project/gateway/tools/arm-bcm2708/arm-rpi-4.9.3-linux-gnueabihf/bin/../lib/gcc/arm-linux-gnueabihf/4.9.3/crtbegin.o -L/home/golpe/knxGW/project/gateway/tools/arm-bcm2708/arm-rpi-4.9.3-linux-gnueabihf/bin/../lib/gcc/arm-linux-gnueabihf/4.9.3 -L/home/golpe/knxGW/project/gateway/tools/arm-bcm2708/arm-rpi-4.9.3-linux-gnueabihf/bin/../lib/gcc -L/home/golpe/knxGW/project/gateway/tools/arm-bcm2708/arm-rpi-4.9.3-linux-gnueabihf/bin/../lib/gcc/arm-linux-gnueabihf/4.9.3/../../../../arm-linux-gnueabihf/lib -L/home/golpe/knxGW/project/gateway/tools/arm-bcm2708/arm-rpi-4.9.3-linux-gnueabihf/bin/../arm-linux-gnueabihf/sysroot/lib -L/home/golpe/knxGW/project/gateway/tools/arm-bcm2708/arm-rpi-4.9.3-linux-gnueabihf/bin/../arm-linux-gnueabihf/sysroot/usr/lib CMakeFiles/cmTC_8f299.dir/CMakeCXXCompilerABI.cpp.o -lstdc++ -lm -lgcc_s -lgcc -lc -lgcc_s -lgcc /home/golpe/knxGW/project/gateway/tools/arm-bcm2708/arm-rpi-4.9.3-linux-gnueabihf/bin/../lib/gcc/arm-linux-gnueabihf/4.9.3/crtend.o /home/golpe/knxGW/project/gateway/tools/arm-bcm2708/arm-rpi-4.9.3-linux-gnueabihf/bin/../arm-linux-gnueabihf/sysroot/usr/lib/crtn.o]
    arg [/home/golpe/knxGW/project/gateway/tools/arm-bcm2708/arm-rpi-4.9.3-linux-gnueabihf/bin/../libexec/gcc/arm-linux-gnueabihf/4.9.3/collect2] ==> ignore
    arg [-plugin] ==> ignore
    arg [/home/golpe/knxGW/project/gateway/tools/arm-bcm2708/arm-rpi-4.9.3-linux-gnueabihf/bin/../libexec/gcc/arm-linux-gnueabihf/4.9.3/liblto_plugin.so] ==> ignore
    arg [-plugin-opt=/home/golpe/knxGW/project/gateway/tools/arm-bcm2708/arm-rpi-4.9.3-linux-gnueabihf/bin/../libexec/gcc/arm-linux-gnueabihf/4.9.3/lto-wrapper] ==> ignore
    arg [-plugin-opt=-fresolution=/tmp/ccfB5HnL.res] ==> ignore
    arg [-plugin-opt=-pass-through=-lgcc_s] ==> ignore
    arg [-plugin-opt=-pass-through=-lgcc] ==> ignore
    arg [-plugin-opt=-pass-through=-lc] ==> ignore
    arg [-plugin-opt=-pass-through=-lgcc_s] ==> ignore
    arg [-plugin-opt=-pass-through=-lgcc] ==> ignore
    arg [--sysroot=/home/golpe/knxGW/project/gateway/tools/arm-bcm2708/arm-rpi-4.9.3-linux-gnueabihf/bin/../arm-linux-gnueabihf/sysroot] ==> ignore
    arg [--eh-frame-hdr] ==> ignore
    arg [--hash-style=gnu] ==> ignore
    arg [-dynamic-linker] ==> ignore
    arg [/lib/ld-linux-armhf.so.3] ==> ignore
    arg [-X] ==> ignore
    arg [-m] ==> ignore
    arg [armelf_linux_eabi] ==> ignore
    arg [-o] ==> ignore
    arg [cmTC_8f299] ==> ignore
    arg [/home/golpe/knxGW/project/gateway/tools/arm-bcm2708/arm-rpi-4.9.3-linux-gnueabihf/bin/../arm-linux-gnueabihf/sysroot/usr/lib/crt1.o] ==> ignore
    arg [/home/golpe/knxGW/project/gateway/tools/arm-bcm2708/arm-rpi-4.9.3-linux-gnueabihf/bin/../arm-linux-gnueabihf/sysroot/usr/lib/crti.o] ==> ignore
    arg [/home/golpe/knxGW/project/gateway/tools/arm-bcm2708/arm-rpi-4.9.3-linux-gnueabihf/bin/../lib/gcc/arm-linux-gnueabihf/4.9.3/crtbegin.o] ==> ignore
    arg [-L/home/golpe/knxGW/project/gateway/tools/arm-bcm2708/arm-rpi-4.9.3-linux-gnueabihf/bin/../lib/gcc/arm-linux-gnueabihf/4.9.3] ==> dir [/home/golpe/knxGW/project/gateway/tools/arm-bcm2708/arm-rpi-4.9.3-linux-gnueabihf/bin/../lib/gcc/arm-linux-gnueabihf/4.9.3]
    arg [-L/home/golpe/knxGW/project/gateway/tools/arm-bcm2708/arm-rpi-4.9.3-linux-gnueabihf/bin/../lib/gcc] ==> dir [/home/golpe/knxGW/project/gateway/tools/arm-bcm2708/arm-rpi-4.9.3-linux-gnueabihf/bin/../lib/gcc]
    arg [-L/home/golpe/knxGW/project/gateway/tools/arm-bcm2708/arm-rpi-4.9.3-linux-gnueabihf/bin/../lib/gcc/arm-linux-gnueabihf/4.9.3/../../../../arm-linux-gnueabihf/lib] ==> dir [/home/golpe/knxGW/project/gateway/tools/arm-bcm2708/arm-rpi-4.9.3-linux-gnueabihf/bin/../lib/gcc/arm-linux-gnueabihf/4.9.3/../../../../arm-linux-gnueabihf/lib]
    arg [-L/home/golpe/knxGW/project/gateway/tools/arm-bcm2708/arm-rpi-4.9.3-linux-gnueabihf/bin/../arm-linux-gnueabihf/sysroot/lib] ==> dir [/home/golpe/knxGW/project/gateway/tools/arm-bcm2708/arm-rpi-4.9.3-linux-gnueabihf/bin/../arm-linux-gnueabihf/sysroot/lib]
    arg [-L/home/golpe/knxGW/project/gateway/tools/arm-bcm2708/arm-rpi-4.9.3-linux-gnueabihf/bin/../arm-linux-gnueabihf/sysroot/usr/lib] ==> dir [/home/golpe/knxGW/project/gateway/tools/arm-bcm2708/arm-rpi-4.9.3-linux-gnueabihf/bin/../arm-linux-gnueabihf/sysroot/usr/lib]
    arg [CMakeFiles/cmTC_8f299.dir/CMakeCXXCompilerABI.cpp.o] ==> ignore
    arg [-lstdc++] ==> lib [stdc++]
    arg [-lm] ==> lib [m]
    arg [-lgcc_s] ==> lib [gcc_s]
    arg [-lgcc] ==> lib [gcc]
    arg [-lc] ==> lib [c]
    arg [-lgcc_s] ==> lib [gcc_s]
    arg [-lgcc] ==> lib [gcc]
    arg [/home/golpe/knxGW/project/gateway/tools/arm-bcm2708/arm-rpi-4.9.3-linux-gnueabihf/bin/../lib/gcc/arm-linux-gnueabihf/4.9.3/crtend.o] ==> ignore
    arg [/home/golpe/knxGW/project/gateway/tools/arm-bcm2708/arm-rpi-4.9.3-linux-gnueabihf/bin/../arm-linux-gnueabihf/sysroot/usr/lib/crtn.o] ==> ignore
  collapse library dir [/home/golpe/knxGW/project/gateway/tools/arm-bcm2708/arm-rpi-4.9.3-linux-gnueabihf/bin/../lib/gcc/arm-linux-gnueabihf/4.9.3] ==> [/home/golpe/knxGW/project/gateway/tools/arm-bcm2708/arm-rpi-4.9.3-linux-gnueabihf/lib/gcc/arm-linux-gnueabihf/4.9.3]
  collapse library dir [/home/golpe/knxGW/project/gateway/tools/arm-bcm2708/arm-rpi-4.9.3-linux-gnueabihf/bin/../lib/gcc] ==> [/home/golpe/knxGW/project/gateway/tools/arm-bcm2708/arm-rpi-4.9.3-linux-gnueabihf/lib/gcc]
  collapse library dir [/home/golpe/knxGW/project/gateway/tools/arm-bcm2708/arm-rpi-4.9.3-linux-gnueabihf/bin/../lib/gcc/arm-linux-gnueabihf/4.9.3/../../../../arm-linux-gnueabihf/lib] ==> [/home/golpe/knxGW/project/gateway/tools/arm-bcm2708/arm-rpi-4.9.3-linux-gnueabihf/arm-linux-gnueabihf/lib]
  collapse library dir [/home/golpe/knxGW/project/gateway/tools/arm-bcm2708/arm-rpi-4.9.3-linux-gnueabihf/bin/../arm-linux-gnueabihf/sysroot/lib] ==> [/home/golpe/knxGW/project/gateway/tools/arm-bcm2708/arm-rpi-4.9.3-linux-gnueabihf/arm-linux-gnueabihf/sysroot/lib]
  collapse library dir [/home/golpe/knxGW/project/gateway/tools/arm-bcm2708/arm-rpi-4.9.3-linux-gnueabihf/bin/../arm-linux-gnueabihf/sysroot/usr/lib] ==> [/home/golpe/knxGW/project/gateway/tools/arm-bcm2708/arm-rpi-4.9.3-linux-gnueabihf/arm-linux-gnueabihf/sysroot/usr/lib]
  implicit libs: [stdc++;m;gcc_s;gcc;c;gcc_s;gcc]
  implicit dirs: [/home/golpe/knxGW/project/gateway/tools/arm-bcm2708/arm-rpi-4.9.3-linux-gnueabihf/lib/gcc/arm-linux-gnueabihf/4.9.3;/home/golpe/knxGW/project/gateway/tools/arm-bcm2708/arm-rpi-4.9.3-linux-gnueabihf/lib/gcc;/home/golpe/knxGW/project/gateway/tools/arm-bcm2708/arm-rpi-4.9.3-linux-gnueabihf/arm-linux-gnueabihf/lib;/home/golpe/knxGW/project/gateway/tools/arm-bcm2708/arm-rpi-4.9.3-linux-gnueabihf/arm-linux-gnueabihf/sysroot/lib;/home/golpe/knxGW/project/gateway/tools/arm-bcm2708/arm-rpi-4.9.3-linux-gnueabihf/arm-linux-gnueabihf/sysroot/usr/lib]
  implicit fwks: []




Detecting CXX [-std=c++14] compiler features compiled with the following output:
Change Dir: /home/golpe/knxGW/project/gateway/libhttp/libhttp/build/CMakeFiles/CMakeTmp

Run Build Command:"/usr/bin/make" "cmTC_51a79/fast"
/usr/bin/make -f CMakeFiles/cmTC_51a79.dir/build.make CMakeFiles/cmTC_51a79.dir/build
make[1]: Verzeichnis „/home/golpe/knxGW/project/gateway/libhttp/libhttp/build/CMakeFiles/CMakeTmp“ wird betreten
Building CXX object CMakeFiles/cmTC_51a79.dir/feature_tests.cxx.o
/home/golpe/knxGW/project/gateway/tools/arm-bcm2708/arm-rpi-4.9.3-linux-gnueabihf/bin/arm-linux-gnueabihf-c++    -Wall -std=c++11 -pthread -std=c++14 -o CMakeFiles/cmTC_51a79.dir/feature_tests.cxx.o -c /home/golpe/knxGW/project/gateway/libhttp/libhttp/build/CMakeFiles/feature_tests.cxx
Linking CXX executable cmTC_51a79
/usr/bin/cmake -E cmake_link_script CMakeFiles/cmTC_51a79.dir/link.txt --verbose=1
/home/golpe/knxGW/project/gateway/tools/arm-bcm2708/arm-rpi-4.9.3-linux-gnueabihf/bin/arm-linux-gnueabihf-c++       CMakeFiles/cmTC_51a79.dir/feature_tests.cxx.o  -o cmTC_51a79 
make[1]: Verzeichnis „/home/golpe/knxGW/project/gateway/libhttp/libhttp/build/CMakeFiles/CMakeTmp“ wird verlassen


    Feature record: CXX_FEATURE:0cxx_aggregate_default_initializers
    Feature record: CXX_FEATURE:1cxx_alias_templates
    Feature record: CXX_FEATURE:1cxx_alignas
    Feature record: CXX_FEATURE:1cxx_alignof
    Feature record: CXX_FEATURE:1cxx_attributes
    Feature record: CXX_FEATURE:1cxx_attribute_deprecated
    Feature record: CXX_FEATURE:1cxx_auto_type
    Feature record: CXX_FEATURE:1cxx_binary_literals
    Feature record: CXX_FEATURE:1cxx_constexpr
    Feature record: CXX_FEATURE:1cxx_contextual_conversions
    Feature record: CXX_FEATURE:1cxx_decltype
    Feature record: CXX_FEATURE:1cxx_decltype_auto
    Feature record: CXX_FEATURE:1cxx_decltype_incomplete_return_types
    Feature record: CXX_FEATURE:1cxx_default_function_template_args
    Feature record: CXX_FEATURE:1cxx_defaulted_functions
    Feature record: CXX_FEATURE:1cxx_defaulted_move_initializers
    Feature record: CXX_FEATURE:1cxx_delegating_constructors
    Feature record: CXX_FEATURE:1cxx_deleted_functions
    Feature record: CXX_FEATURE:1cxx_digit_separators
    Feature record: CXX_FEATURE:1cxx_enum_forward_declarations
    Feature record: CXX_FEATURE:1cxx_explicit_conversions
    Feature record: CXX_FEATURE:1cxx_extended_friend_declarations
    Feature record: CXX_FEATURE:1cxx_extern_templates
    Feature record: CXX_FEATURE:1cxx_final
    Feature record: CXX_FEATURE:1cxx_func_identifier
    Feature record: CXX_FEATURE:1cxx_generalized_initializers
    Feature record: CXX_FEATURE:1cxx_generic_lambdas
    Feature record: CXX_FEATURE:1cxx_inheriting_constructors
    Feature record: CXX_FEATURE:1cxx_inline_namespaces
    Feature record: CXX_FEATURE:1cxx_lambdas
    Feature record: CXX_FEATURE:1cxx_lambda_init_captures
    Feature record: CXX_FEATURE:1cxx_local_type_template_args
    Feature record: CXX_FEATURE:1cxx_long_long_type
    Feature record: CXX_FEATURE:1cxx_noexcept
    Feature record: CXX_FEATURE:1cxx_nonstatic_member_init
    Feature record: CXX_FEATURE:1cxx_nullptr
    Feature record: CXX_FEATURE:1cxx_override
    Feature record: CXX_FEATURE:1cxx_range_for
    Feature record: CXX_FEATURE:1cxx_raw_string_literals
    Feature record: CXX_FEATURE:1cxx_reference_qualified_functions
    Feature record: CXX_FEATURE:0cxx_relaxed_constexpr
    Feature record: CXX_FEATURE:1cxx_return_type_deduction
    Feature record: CXX_FEATURE:1cxx_right_angle_brackets
    Feature record: CXX_FEATURE:1cxx_rvalue_references
    Feature record: CXX_FEATURE:1cxx_sizeof_member
    Feature record: CXX_FEATURE:1cxx_static_assert
    Feature record: CXX_FEATURE:1cxx_strong_enums
    Feature record: CXX_FEATURE:1cxx_template_template_parameters
    Feature record: CXX_FEATURE:1cxx_thread_local
    Feature record: CXX_FEATURE:1cxx_trailing_return_types
    Feature record: CXX_FEATURE:1cxx_unicode_literals
    Feature record: CXX_FEATURE:1cxx_uniform_initialization
    Feature record: CXX_FEATURE:1cxx_unrestricted_unions
    Feature record: CXX_FEATURE:1cxx_user_literals
    Feature record: CXX_FEATURE:0cxx_variable_templates
    Feature record: CXX_FEATURE:1cxx_variadic_macros
    Feature record: CXX_FEATURE:1cxx_variadic_templates


Detecting CXX [-std=c++11] compiler features compiled with the following output:
Change Dir: /home/golpe/knxGW/project/gateway/libhttp/libhttp/build/CMakeFiles/CMakeTmp

Run Build Command:"/usr/bin/make" "cmTC_3efd8/fast"
/usr/bin/make -f CMakeFiles/cmTC_3efd8.dir/build.make CMakeFiles/cmTC_3efd8.dir/build
make[1]: Verzeichnis „/home/golpe/knxGW/project/gateway/libhttp/libhttp/build/CMakeFiles/CMakeTmp“ wird betreten
Building CXX object CMakeFiles/cmTC_3efd8.dir/feature_tests.cxx.o
/home/golpe/knxGW/project/gateway/tools/arm-bcm2708/arm-rpi-4.9.3-linux-gnueabihf/bin/arm-linux-gnueabihf-c++    -Wall -std=c++11 -pthread -std=c++11 -o CMakeFiles/cmTC_3efd8.dir/feature_tests.cxx.o -c /home/golpe/knxGW/project/gateway/libhttp/libhttp/build/CMakeFiles/feature_tests.cxx
Linking CXX executable cmTC_3efd8
/usr/bin/cmake -E cmake_link_script CMakeFiles/cmTC_3efd8.dir/link.txt --verbose=1
/home/golpe/knxGW/project/gateway/tools/arm-bcm2708/arm-rpi-4.9.3-linux-gnueabihf/bin/arm-linux-gnueabihf-c++       CMakeFiles/cmTC_3efd8.dir/feature_tests.cxx.o  -o cmTC_3efd8 
make[1]: Verzeichnis „/home/golpe/knxGW/project/gateway/libhttp/libhttp/build/CMakeFiles/CMakeTmp“ wird verlassen


    Feature record: CXX_FEATURE:0cxx_aggregate_default_initializers
    Feature record: CXX_FEATURE:1cxx_alias_templates
    Feature record: CXX_FEATURE:1cxx_alignas
    Feature record: CXX_FEATURE:1cxx_alignof
    Feature record: CXX_FEATURE:1cxx_attributes
    Feature record: CXX_FEATURE:0cxx_attribute_deprecated
    Feature record: CXX_FEATURE:1cxx_auto_type
    Feature record: CXX_FEATURE:0cxx_binary_literals
    Feature record: CXX_FEATURE:1cxx_constexpr
    Feature record: CXX_FEATURE:0cxx_contextual_conversions
    Feature record: CXX_FEATURE:1cxx_decltype
    Feature record: CXX_FEATURE:0cxx_decltype_auto
    Feature record: CXX_FEATURE:1cxx_decltype_incomplete_return_types
    Feature record: CXX_FEATURE:1cxx_default_function_template_args
    Feature record: CXX_FEATURE:1cxx_defaulted_functions
    Feature record: CXX_FEATURE:1cxx_defaulted_move_initializers
    Feature record: CXX_FEATURE:1cxx_delegating_constructors
    Feature record: CXX_FEATURE:1cxx_deleted_functions
    Feature record: CXX_FEATURE:0cxx_digit_separators
    Feature record: CXX_FEATURE:1cxx_enum_forward_declarations
    Feature record: CXX_FEATURE:1cxx_explicit_conversions
    Feature record: CXX_FEATURE:1cxx_extended_friend_declarations
    Feature record: CXX_FEATURE:1cxx_extern_templates
    Feature record: CXX_FEATURE:1cxx_final
    Feature record: CXX_FEATURE:1cxx_func_identifier
    Feature record: CXX_FEATURE:1cxx_generalized_initializers
    Feature record: CXX_FEATURE:0cxx_generic_lambdas
    Feature record: CXX_FEATURE:1cxx_inheriting_constructors
    Feature record: CXX_FEATURE:1cxx_inline_namespaces
    Feature record: CXX_FEATURE:1cxx_lambdas
    Feature record: CXX_FEATURE:0cxx_lambda_init_captures
    Feature record: CXX_FEATURE:1cxx_local_type_template_args
    Feature record: CXX_FEATURE:1cxx_long_long_type
    Feature record: CXX_FEATURE:1cxx_noexcept
    Feature record: CXX_FEATURE:1cxx_nonstatic_member_init
    Feature record: CXX_FEATURE:1cxx_nullptr
    Feature record: CXX_FEATURE:1cxx_override
    Feature record: CXX_FEATURE:1cxx_range_for
    Feature record: CXX_FEATURE:1cxx_raw_string_literals
    Feature record: CXX_FEATURE:1cxx_reference_qualified_functions
    Feature record: CXX_FEATURE:0cxx_relaxed_constexpr
    Feature record: CXX_FEATURE:0cxx_return_type_deduction
    Feature record: CXX_FEATURE:1cxx_right_angle_brackets
    Feature record: CXX_FEATURE:1cxx_rvalue_references
    Feature record: CXX_FEATURE:1cxx_sizeof_member
    Feature record: CXX_FEATURE:1cxx_static_assert
    Feature record: CXX_FEATURE:1cxx_strong_enums
    Feature record: CXX_FEATURE:1cxx_template_template_parameters
    Feature record: CXX_FEATURE:1cxx_thread_local
    Feature record: CXX_FEATURE:1cxx_trailing_return_types
    Feature record: CXX_FEATURE:1cxx_unicode_literals
    Feature record: CXX_FEATURE:1cxx_uniform_initialization
    Feature record: CXX_FEATURE:1cxx_unrestricted_unions
    Feature record: CXX_FEATURE:1cxx_user_literals
    Feature record: CXX_FEATURE:0cxx_variable_templates
    Feature record: CXX_FEATURE:1cxx_variadic_macros
    Feature record: CXX_FEATURE:1cxx_variadic_templates


Detecting CXX [-std=c++98] compiler features compiled with the following output:
Change Dir: /home/golpe/knxGW/project/gateway/libhttp/libhttp/build/CMakeFiles/CMakeTmp

Run Build Command:"/usr/bin/make" "cmTC_82780/fast"
/usr/bin/make -f CMakeFiles/cmTC_82780.dir/build.make CMakeFiles/cmTC_82780.dir/build
make[1]: Verzeichnis „/home/golpe/knxGW/project/gateway/libhttp/libhttp/build/CMakeFiles/CMakeTmp“ wird betreten
Building CXX object CMakeFiles/cmTC_82780.dir/feature_tests.cxx.o
/home/golpe/knxGW/project/gateway/tools/arm-bcm2708/arm-rpi-4.9.3-linux-gnueabihf/bin/arm-linux-gnueabihf-c++    -Wall -std=c++11 -pthread -std=c++98 -o CMakeFiles/cmTC_82780.dir/feature_tests.cxx.o -c /home/golpe/knxGW/project/gateway/libhttp/libhttp/build/CMakeFiles/feature_tests.cxx
Linking CXX executable cmTC_82780
/usr/bin/cmake -E cmake_link_script CMakeFiles/cmTC_82780.dir/link.txt --verbose=1
/home/golpe/knxGW/project/gateway/tools/arm-bcm2708/arm-rpi-4.9.3-linux-gnueabihf/bin/arm-linux-gnueabihf-c++       CMakeFiles/cmTC_82780.dir/feature_tests.cxx.o  -o cmTC_82780 
make[1]: Verzeichnis „/home/golpe/knxGW/project/gateway/libhttp/libhttp/build/CMakeFiles/CMakeTmp“ wird verlassen


    Feature record: CXX_FEATURE:0cxx_aggregate_default_initializers
    Feature record: CXX_FEATURE:0cxx_alias_templates
    Feature record: CXX_FEATURE:0cxx_alignas
    Feature record: CXX_FEATURE:0cxx_alignof
    Feature record: CXX_FEATURE:0cxx_attributes
    Feature record: CXX_FEATURE:0cxx_attribute_deprecated
    Feature record: CXX_FEATURE:0cxx_auto_type
    Feature record: CXX_FEATURE:0cxx_binary_literals
    Feature record: CXX_FEATURE:0cxx_constexpr
    Feature record: CXX_FEATURE:0cxx_contextual_conversions
    Feature record: CXX_FEATURE:0cxx_decltype
    Feature record: CXX_FEATURE:0cxx_decltype_auto
    Feature record: CXX_FEATURE:0cxx_decltype_incomplete_return_types
    Feature record: CXX_FEATURE:0cxx_default_function_template_args
    Feature record: CXX_FEATURE:0cxx_defaulted_functions
    Feature record: CXX_FEATURE:0cxx_defaulted_move_initializers
    Feature record: CXX_FEATURE:0cxx_delegating_constructors
    Feature record: CXX_FEATURE:0cxx_deleted_functions
    Feature record: CXX_FEATURE:0cxx_digit_separators
    Feature record: CXX_FEATURE:0cxx_enum_forward_declarations
    Feature record: CXX_FEATURE:0cxx_explicit_conversions
    Feature record: CXX_FEATURE:0cxx_extended_friend_declarations
    Feature record: CXX_FEATURE:0cxx_extern_templates
    Feature record: CXX_FEATURE:0cxx_final
    Feature record: CXX_FEATURE:0cxx_func_identifier
    Feature record: CXX_FEATURE:0cxx_generalized_initializers
    Feature record: CXX_FEATURE:0cxx_generic_lambdas
    Feature record: CXX_FEATURE:0cxx_inheriting_constructors
    Feature record: CXX_FEATURE:0cxx_inline_namespaces
    Feature record: CXX_FEATURE:0cxx_lambdas
    Feature record: CXX_FEATURE:0cxx_lambda_init_captures
    Feature record: CXX_FEATURE:0cxx_local_type_template_args
    Feature record: CXX_FEATURE:0cxx_long_long_type
    Feature record: CXX_FEATURE:0cxx_noexcept
    Feature record: CXX_FEATURE:0cxx_nonstatic_member_init
    Feature record: CXX_FEATURE:0cxx_nullptr
    Feature record: CXX_FEATURE:0cxx_override
    Feature record: CXX_FEATURE:0cxx_range_for
    Feature record: CXX_FEATURE:0cxx_raw_string_literals
    Feature record: CXX_FEATURE:0cxx_reference_qualified_functions
    Feature record: CXX_FEATURE:0cxx_relaxed_constexpr
    Feature record: CXX_FEATURE:0cxx_return_type_deduction
    Feature record: CXX_FEATURE:0cxx_right_angle_brackets
    Feature record: CXX_FEATURE:0cxx_rvalue_references
    Feature record: CXX_FEATURE:0cxx_sizeof_member
    Feature record: CXX_FEATURE:0cxx_static_assert
    Feature record: CXX_FEATURE:0cxx_strong_enums
    Feature record: CXX_FEATURE:1cxx_template_template_parameters
    Feature record: CXX_FEATURE:0cxx_thread_local
    Feature record: CXX_FEATURE:0cxx_trailing_return_types
    Feature record: CXX_FEATURE:0cxx_unicode_literals
    Feature record: CXX_FEATURE:0cxx_uniform_initialization
    Feature record: CXX_FEATURE:0cxx_unrestricted_unions
    Feature record: CXX_FEATURE:0cxx_user_literals
    Feature record: CXX_FEATURE:0cxx_variable_templates
    Feature record: CXX_FEATURE:0cxx_variadic_macros
    Feature record: CXX_FEATURE:0cxx_variadic_templates
